# JRE version: Java(TM) SE Runtime Environment (8.0_161-b12) (build 1.8.0_161-b12)
# Java VM: Java HotSpot(TM) 64-Bit Server VM (25.161-b12 mixed mode windows-amd64 compressed oops)
Heap:
 PSYoungGen      total 95232K, used 3314K [0x00000000d5d00000, 0x00000000de180000, 0x0000000100000000)
  eden space 74752K, 0% used [0x00000000d5d00000,0x00000000d5d00000,0x00000000da600000)
  from space 20480K, 16% used [0x00000000dcd80000,0x00000000dd0bc980,0x00000000de180000)
  to   space 21504K, 0% used [0x00000000da600000,0x00000000da600000,0x00000000dbb00000)
 ParOldGen       total 107008K, used 25066K [0x0000000081600000, 0x0000000087e80000, 0x00000000d5d00000)
  object space 107008K, 23% used [0x0000000081600000,0x0000000082e7a818,0x0000000087e80000)
 Metaspace       used 38047K, capacity 39222K, committed 39296K, reserved 1087488K
  class space    used 4452K, capacity 4724K, committed 4736K, reserved 1048576K
GC Heap History (10 events):
Event: 5.135 GC heap after
Heap after GC invocations=10 (full 1):
 PSYoungGen      total 71680K, used 14319K [0x00000000d5d00000, 0x00000000dd080000, 0x0000000100000000)
  eden space 57344K, 0% used [0x00000000d5d00000,0x00000000d5d00000,0x00000000d9500000)
  from space 14336K, 99% used [0x00000000d9500000,0x00000000da2fbc70,0x00000000da300000)
  to   space 20992K, 0% used [0x00000000dbc00000,0x00000000dbc00000,0x00000000dd080000)
 ParOldGen       total 69120K, used 24853K [0x0000000081600000, 0x0000000085980000, 0x00000000d5d00000)
  object space 69120K, 35% used [0x0000000081600000,0x0000000082e45540,0x0000000085980000)
 Metaspace       used 25113K, capacity 26118K, committed 26368K, reserved 1073152K
  class space    used 3001K, capacity 3222K, committed 3328K, reserved 1048576K
}
Event: 6.854 GC heap before
{Heap before GC invocations=11 (full 1):
 PSYoungGen      total 71680K, used 71663K [0x00000000d5d00000, 0x00000000dd080000, 0x0000000100000000)
  eden space 57344K, 100% used [0x00000000d5d00000,0x00000000d9500000,0x00000000d9500000)
  from space 14336K, 99% used [0x00000000d9500000,0x00000000da2fbc70,0x00000000da300000)
  to   space 20992K, 0% used [0x00000000dbc00000,0x00000000dbc00000,0x00000000dd080000)
 ParOldGen       total 69120K, used 24853K [0x0000000081600000, 0x0000000085980000, 0x00000000d5d00000)
  object space 69120K, 35% used [0x0000000081600000,0x0000000082e45540,0x0000000085980000)
 Metaspace       used 30084K, capacity 31240K, committed 31360K, reserved 1077248K
  class space    used 3609K, capacity 3869K, committed 3968K, reserved 1048576K
Event: 6.863 GC heap after
Heap after GC invocations=11 (full 1):
 PSYoungGen      total 95232K, used 13558K [0x00000000d5d00000, 0x00000000dd000000, 0x0000000100000000)
  eden space 74752K, 0% used [0x00000000d5d00000,0x00000000d5d00000,0x00000000da600000)
  from space 20480K, 66% used [0x00000000dbc00000,0x00000000dc93db58,0x00000000dd000000)
  to   space 21504K, 0% used [0x00000000da600000,0x00000000da600000,0x00000000dbb00000)
 ParOldGen       total 69120K, used 26325K [0x0000000081600000, 0x0000000085980000, 0x00000000d5d00000)
  object space 69120K, 38% used [0x0000000081600000,0x0000000082fb5540,0x0000000085980000)
 Metaspace       used 30084K, capacity 31240K, committed 31360K, reserved 1077248K
  class space    used 3609K, capacity 3869K, committed 3968K, reserved 1048576K
}
Event: 9.668 GC heap before
{Heap before GC invocations=12 (full 1):
 PSYoungGen      total 95232K, used 53717K [0x00000000d5d00000, 0x00000000dd000000, 0x0000000100000000)
  eden space 74752K, 53% used [0x00000000d5d00000,0x00000000d8437b60,0x00000000da600000)
  from space 20480K, 66% used [0x00000000dbc00000,0x00000000dc93db58,0x00000000dd000000)
  to   space 21504K, 0% used [0x00000000da600000,0x00000000da600000,0x00000000dbb00000)
 ParOldGen       total 69120K, used 26325K [0x0000000081600000, 0x0000000085980000, 0x00000000d5d00000)
  object space 69120K, 38% used [0x0000000081600000,0x0000000082fb5540,0x0000000085980000)
 Metaspace       used 34120K, capacity 35318K, committed 35496K, reserved 1081344K
  class space    used 4062K, capacity 4340K, committed 4352K, reserved 1048576K
Event: 9.676 GC heap after
Heap after GC invocations=12 (full 1):
 PSYoungGen      total 96256K, used 8084K [0x00000000d5d00000, 0x00000000de180000, 0x0000000100000000)
  eden space 74752K, 0% used [0x00000000d5d00000,0x00000000d5d00000,0x00000000da600000)
  from space 21504K, 37% used [0x00000000da600000,0x00000000dade5278,0x00000000dbb00000)
  to   space 20480K, 0% used [0x00000000dcd80000,0x00000000dcd80000,0x00000000de180000)
 ParOldGen       total 69120K, used 36631K [0x0000000081600000, 0x0000000085980000, 0x00000000d5d00000)
  object space 69120K, 52% used [0x0000000081600000,0x00000000839c5c30,0x0000000085980000)
 Metaspace       used 34120K, capacity 35318K, committed 35496K, reserved 1081344K
  class space    used 4062K, capacity 4340K, committed 4352K, reserved 1048576K
}
Event: 9.676 GC heap before
{Heap before GC invocations=13 (full 2):
 PSYoungGen      total 96256K, used 8084K [0x00000000d5d00000, 0x00000000de180000, 0x0000000100000000)
  eden space 74752K, 0% used [0x00000000d5d00000,0x00000000d5d00000,0x00000000da600000)
  from space 21504K, 37% used [0x00000000da600000,0x00000000dade5278,0x00000000dbb00000)
  to   space 20480K, 0% used [0x00000000dcd80000,0x00000000dcd80000,0x00000000de180000)
 ParOldGen       total 69120K, used 36631K [0x0000000081600000, 0x0000000085980000, 0x00000000d5d00000)
  object space 69120K, 52% used [0x0000000081600000,0x00000000839c5c30,0x0000000085980000)
 Metaspace       used 34120K, capacity 35318K, committed 35496K, reserved 1081344K
  class space    used 4062K, capacity 4340K, committed 4352K, reserved 1048576K
Event: 9.722 GC heap after
Heap after GC invocations=13 (full 2):
 PSYoungGen      total 96256K, used 0K [0x00000000d5d00000, 0x00000000de180000, 0x0000000100000000)
  eden space 74752K, 0% used [0x00000000d5d00000,0x00000000d5d00000,0x00000000da600000)
  from space 21504K, 0% used [0x00000000da600000,0x00000000da600000,0x00000000dbb00000)
  to   space 20480K, 0% used [0x00000000dcd80000,0x00000000dcd80000,0x00000000de180000)
 ParOldGen       total 107008K, used 25058K [0x0000000081600000, 0x0000000087e80000, 0x00000000d5d00000)
  object space 107008K, 23% used [0x0000000081600000,0x0000000082e78818,0x0000000087e80000)
 Metaspace       used 34120K, capacity 35318K, committed 35496K, reserved 1081344K
  class space    used 4062K, capacity 4340K, committed 4352K, reserved 1048576K
}
Event: 10.000 GC heap before
{Heap before GC invocations=14 (full 2):
 PSYoungGen      total 96256K, used 23947K [0x00000000d5d00000, 0x00000000de180000, 0x0000000100000000)
  eden space 74752K, 32% used [0x00000000d5d00000,0x00000000d7462e40,0x00000000da600000)
  from space 21504K, 0% used [0x00000000da600000,0x00000000da600000,0x00000000dbb00000)
  to   space 20480K, 0% used [0x00000000dcd80000,0x00000000dcd80000,0x00000000de180000)
 ParOldGen       total 107008K, used 25058K [0x0000000081600000, 0x0000000087e80000, 0x00000000d5d00000)
  object space 107008K, 23% used [0x0000000081600000,0x0000000082e78818,0x0000000087e80000)
 Metaspace       used 38047K, capacity 39222K, committed 39296K, reserved 1087488K
  class space    used 4452K, capacity 4724K, committed 4736K, reserved 1048576K
Event: 10.002 GC heap after
Heap after GC invocations=14 (full 2):
 PSYoungGen      total 95232K, used 3314K [0x00000000d5d00000, 0x00000000de180000, 0x0000000100000000)
  eden space 74752K, 0% used [0x00000000d5d00000,0x00000000d5d00000,0x00000000da600000)
  from space 20480K, 16% used [0x00000000dcd80000,0x00000000dd0bc980,0x00000000de180000)
  to   space 21504K, 0% used [0x00000000da600000,0x00000000da600000,0x00000000dbb00000)
 ParOldGen       total 107008K, used 25066K [0x0000000081600000, 0x0000000087e80000, 0x00000000d5d00000)
  object space 107008K, 23% used [0x0000000081600000,0x0000000082e7a818,0x0000000087e80000)
 Metaspace       used 38047K, capacity 39222K, committed 39296K, reserved 1087488K
  class space    used 4452K, capacity 4724K, committed 4736K, reserved 1048576K
}
Event: 10.002 GC heap before
{Heap before GC invocations=15 (full 3):
 PSYoungGen      total 95232K, used 3314K [0x00000000d5d00000, 0x00000000de180000, 0x0000000100000000)
  eden space 74752K, 0% used [0x00000000d5d00000,0x00000000d5d00000,0x00000000da600000)
  from space 20480K, 16% used [0x00000000dcd80000,0x00000000dd0bc980,0x00000000de180000)
  to   space 21504K, 0% used [0x00000000da600000,0x00000000da600000,0x00000000dbb00000)
 ParOldGen       total 107008K, used 25066K [0x0000000081600000, 0x0000000087e80000, 0x00000000d5d00000)
  object space 107008K, 23% used [0x0000000081600000,0x0000000082e7a818,0x0000000087e80000)
 Metaspace       used 38047K, capacity 39222K, committed 39296K, reserved 1087488K
  class space    used 4452K, capacity 4724K, committed 4736K, reserved 1048576K

